<?xml version="1.0" encoding="UTF-8"?>
<!-- Generated by org.testng.reporters.JUnitReportReporter -->
<testsuite skipped="0" hostname="m-PC" name="com.qa.tests.DemoTest1" tests="4" failures="0" timestamp="2020-05-12T18:02:44 IST" time="0.027" errors="0">
  <testcase name="test2" time="0.004" classname="com.qa.tests.DemoTest1"/>
  <system-out/>
  <testcase name="test3" time="0.002" classname="com.qa.tests.DemoTest1"/>
  <system-out/>
  <testcase name="test4" time="0.003" classname="com.qa.tests.DemoTest1"/>
  <system-out/>
  <testcase name="test1" time="0.018" classname="com.qa.tests.DemoTest1"/>
  <system-out/>
</testsuite> <!-- com.qa.tests.DemoTest1 -->
